<?xml version="1.0" encoding="UTF-8"?>
<!-- Generated by org.testng.reporters.JUnitXMLReporter -->
<testsuite hostname="raj-Aspire-E5-575G" ignored="0" name="Test" tests="4" failures="0" timestamp="2022-08-05T10:21:56 IST" time="0.056" errors="0">
  <testcase name="m1" time="0.006" classname="testng_demo.TestEx2"/>
  <testcase name="m3" time="0.001" classname="testng_demo.TestEx2"/>
  <testcase name="m2" time="0.001" classname="testng_demo.TestEx2"/>
  <testcase name="addTest" time="0.002" classname="testng_demo.CalTest"/>
</testsuite> <!-- Test -->
