<?xml version="1.0" encoding="UTF-8"?>
<!-- Generated by org.testng.reporters.JUnitXMLReporter -->
<testsuite hostname="raj-Aspire-E5-575G" ignored="0" name="Default test" tests="3" failures="0" timestamp="2022-08-05T09:54:36 IST" time="28.73" errors="0">
  <testcase name="testLogin" time="5.131" classname="testcase.LoginTest"/>
  <testcase name="testLogin" time="4.969" classname="testcase.LoginTest"/>
  <testcase name="testLogin" time="5.006" classname="testcase.LoginTest"/>
</testsuite> <!-- Default test -->
