<?xml version="1.0" encoding="UTF-8"?>
<testng-results skipped="1" failed="0" ignored="0" total="2" passed="1">
  <reporter-output>
  </reporter-output>
  <suite name="Default suite" duration-ms="49" started-at="2022-08-05T10:46:37 IST" finished-at="2022-08-05T10:46:37 IST">
    <groups>
    </groups>
    <test name="Default test" duration-ms="49" started-at="2022-08-05T10:46:37 IST" finished-at="2022-08-05T10:46:37 IST">
      <class name="testng_demo.CalTest">
        <test-method status="PASS" signature="beforeTest()[pri:0, instance:testng_demo.CalTest@57e1b0c]" name="beforeTest" is-config="true" duration-ms="8" started-at="2022-08-05T10:46:37 IST" finished-at="2022-08-05T10:46:37 IST">
          <reporter-output>
          </reporter-output>
        </test-method> <!-- beforeTest -->
        <test-method status="PASS" signature="addTest()[pri:0, instance:testng_demo.CalTest@57e1b0c]" name="addTest" duration-ms="6" started-at="2022-08-05T10:46:37 IST" finished-at="2022-08-05T10:46:37 IST">
          <reporter-output>
          </reporter-output>
        </test-method> <!-- addTest -->
        <test-method status="SKIP" signature="mulTest()[pri:0, instance:testng_demo.CalTest@57e1b0c]" name="mulTest" duration-ms="2" started-at="2022-08-05T10:46:37 IST" finished-at="2022-08-05T10:46:37 IST">
          <exception class="org.testng.SkipException">
            <message>
              <![CDATA[Skipping this exception]]>
            </message>
            <full-stacktrace>
              <![CDATA[org.testng.SkipException: Skipping this exception
at testng_demo.CalTest.mulTest(CalTest.java:57)
at sun.reflect.NativeMethodAccessorImpl.invoke0(Native Method)
at sun.reflect.NativeMethodAccessorImpl.invoke(NativeMethodAccessorImpl.java:62)
at sun.reflect.DelegatingMethodAccessorImpl.invoke(DelegatingMethodAccessorImpl.java:43)
at java.lang.reflect.Method.invoke(Method.java:498)
at org.testng.internal.MethodInvocationHelper.invokeMethod(MethodInvocationHelper.java:133)
at org.testng.internal.TestInvoker.invokeMethod(TestInvoker.java:598)
at org.testng.internal.TestInvoker.invokeTestMethod(TestInvoker.java:173)
at org.testng.internal.MethodRunner.runInSequence(MethodRunner.java:46)
at org.testng.internal.TestInvoker$MethodInvocationAgent.invoke(TestInvoker.java:824)
at org.testng.internal.TestInvoker.invokeTestMethods(TestInvoker.java:146)
at org.testng.internal.TestMethodWorker.invokeTestMethods(TestMethodWorker.java:146)
at org.testng.internal.TestMethodWorker.run(TestMethodWorker.java:128)
at java.util.ArrayList.forEach(ArrayList.java:1249)
at org.testng.TestRunner.privateRun(TestRunner.java:794)
at org.testng.TestRunner.run(TestRunner.java:596)
at org.testng.SuiteRunner.runTest(SuiteRunner.java:377)
at org.testng.SuiteRunner.runSequentially(SuiteRunner.java:371)
at org.testng.SuiteRunner.privateRun(SuiteRunner.java:332)
at org.testng.SuiteRunner.run(SuiteRunner.java:276)
at org.testng.SuiteRunnerWorker.runSuite(SuiteRunnerWorker.java:53)
at org.testng.SuiteRunnerWorker.run(SuiteRunnerWorker.java:96)
at org.testng.TestNG.runSuitesSequentially(TestNG.java:1212)
at org.testng.TestNG.runSuitesLocally(TestNG.java:1134)
at org.testng.TestNG.runSuites(TestNG.java:1063)
at org.testng.TestNG.run(TestNG.java:1031)
at org.testng.remote.AbstractRemoteTestNG.run(AbstractRemoteTestNG.java:115)
at org.testng.remote.RemoteTestNG.initAndRun(RemoteTestNG.java:251)
at org.testng.remote.RemoteTestNG.main(RemoteTestNG.java:77)
]]>
            </full-stacktrace>
          </exception> <!-- org.testng.SkipException -->
          <reporter-output>
          </reporter-output>
        </test-method> <!-- mulTest -->
        <test-method status="PASS" signature="afterTest()[pri:0, instance:testng_demo.CalTest@57e1b0c]" name="afterTest" is-config="true" duration-ms="1" started-at="2022-08-05T10:46:37 IST" finished-at="2022-08-05T10:46:37 IST">
          <reporter-output>
          </reporter-output>
        </test-method> <!-- afterTest -->
      </class> <!-- testng_demo.CalTest -->
    </test> <!-- Default test -->
  </suite> <!-- Default suite -->
</testng-results>
