<?xml version="1.0" encoding="UTF-8"?>
<!-- Generated by org.testng.reporters.JUnitXMLReporter -->
<testsuite hostname="raj-Aspire-E5-575G" ignored="0" name="Test" tests="3" failures="0" timestamp="2022-08-05T10:06:52 IST" time="35.64" errors="0">
  <testcase name="testLogin" time="5.902" classname="testcase.LoginTest"/>
  <testcase name="testLogin" time="6.096" classname="testcase.LoginTest"/>
  <testcase name="testLogin" time="5.514" classname="testcase.LoginTest"/>
</testsuite> <!-- Test -->
